2016-12-20 12:38:06.257 [error] <0.349.0>@ejabberd_listener:bind_tcp_port:82 There is a problem in the configuration: the specified file is not readable: /Applications/ejabberd-16.09/conf/server.pem
2016-12-20 12:38:06.303 [error] <0.384.0>@ejabberd_sql:log:910 p1_mysql_conn: init error 1045: "#28000Access denied for user 'root'@'localhost' (using password: YES)"
2016-12-20 12:38:06.303 [error] <0.366.0>@ejabberd_sql:log:910 p1_mysql_conn: post_start error login_failed
2016-12-20 12:38:06.304 [error] <0.383.0>@ejabberd_sql:log:910 p1_mysql_conn: init error 1045: "#28000Access denied for user 'root'@'localhost' (using password: YES)"
2016-12-20 12:38:06.304 [error] <0.382.0>@ejabberd_sql:log:910 p1_mysql_conn: init error 1045: "#28000Access denied for user 'root'@'localhost' (using password: YES)"
2016-12-20 12:38:06.304 [error] <0.365.0>@ejabberd_sql:log:910 p1_mysql_conn: post_start error login_failed
2016-12-20 12:38:06.304 [error] <0.385.0>@ejabberd_sql:log:910 p1_mysql_conn: init error 1045: "#28000Access denied for user 'root'@'localhost' (using password: YES)"
2016-12-20 12:38:06.304 [error] <0.381.0>@ejabberd_sql:log:910 p1_mysql_conn: init error 1045: "#28000Access denied for user 'root'@'localhost' (using password: YES)"
2016-12-20 12:38:06.305 [error] <0.386.0>@ejabberd_sql:log:910 p1_mysql_conn: init error 1045: "#28000Access denied for user 'root'@'localhost' (using password: YES)"
2016-12-20 12:38:06.305 [error] <0.364.0>@ejabberd_sql:log:910 p1_mysql_conn: post_start error login_failed
2016-12-20 12:38:06.306 [error] <0.387.0>@ejabberd_sql:log:910 p1_mysql_conn: init error 1045: "#28000Access denied for user 'root'@'localhost' (using password: YES)"
2016-12-20 12:38:06.306 [error] <0.380.0>@ejabberd_sql:log:910 p1_mysql_conn: init error 1045: "#28000Access denied for user 'root'@'localhost' (using password: YES)"
2016-12-20 12:38:06.306 [error] <0.367.0>@ejabberd_sql:log:910 p1_mysql_conn: post_start error login_failed
2016-12-20 12:38:06.306 [error] <0.388.0>@ejabberd_sql:log:910 p1_mysql_conn: init error 1045: "#28000Access denied for user 'root'@'localhost' (using password: YES)"
2016-12-20 12:38:06.306 [error] <0.363.0>@ejabberd_sql:log:910 p1_mysql_conn: post_start error login_failed
2016-12-20 12:38:06.306 [error] <0.379.0>@ejabberd_sql:log:910 p1_mysql_conn: init error 1045: "#28000Access denied for user 'root'@'localhost' (using password: YES)"
2016-12-20 12:38:06.306 [error] <0.368.0>@ejabberd_sql:log:910 p1_mysql_conn: post_start error login_failed
2016-12-20 12:38:06.306 [error] <0.369.0>@ejabberd_sql:log:910 p1_mysql_conn: post_start error login_failed
2016-12-20 12:38:06.306 [error] <0.362.0>@ejabberd_sql:log:910 p1_mysql_conn: post_start error login_failed
2016-12-20 12:38:06.307 [error] <0.370.0>@ejabberd_sql:log:910 p1_mysql_conn: post_start error login_failed
2016-12-20 12:38:06.307 [error] <0.361.0>@ejabberd_sql:log:910 p1_mysql_conn: post_start error login_failed
2016-12-20 12:38:36.306 [error] <0.427.0>@ejabberd_sql:log:910 p1_mysql_conn: init error 1045: "#28000Access denied for user 'root'@'localhost' (using password: YES)"
2016-12-20 12:38:36.306 [error] <0.365.0>@ejabberd_sql:log:910 p1_mysql_conn: post_start error login_failed
2016-12-20 12:38:36.316 [error] <0.425.0>@ejabberd_sql:log:910 p1_mysql_conn: init error 1045: "#28000Access denied for user 'root'@'localhost' (using password: YES)"
2016-12-20 12:38:36.316 [error] <0.366.0>@ejabberd_sql:log:910 p1_mysql_conn: post_start error login_failed
2016-12-20 12:38:36.318 [error] <0.432.0>@ejabberd_sql:log:910 p1_mysql_conn: init error 1045: "#28000Access denied for user 'root'@'localhost' (using password: YES)"
2016-12-20 12:38:36.318 [error] <0.433.0>@ejabberd_sql:log:910 p1_mysql_conn: init error 1045: "#28000Access denied for user 'root'@'localhost' (using password: YES)"
2016-12-20 12:38:36.318 [error] <0.368.0>@ejabberd_sql:log:910 p1_mysql_conn: post_start error login_failed
2016-12-20 12:38:36.318 [error] <0.369.0>@ejabberd_sql:log:910 p1_mysql_conn: post_start error login_failed
2016-12-20 12:38:36.318 [error] <0.437.0>@ejabberd_sql:log:910 p1_mysql_conn: init error 1045: "#28000Access denied for user 'root'@'localhost' (using password: YES)"
2016-12-20 12:38:36.319 [error] <0.434.0>@ejabberd_sql:log:910 p1_mysql_conn: init error 1045: "#28000Access denied for user 'root'@'localhost' (using password: YES)"
2016-12-20 12:38:36.319 [error] <0.435.0>@ejabberd_sql:log:910 p1_mysql_conn: init error 1045: "#28000Access denied for user 'root'@'localhost' (using password: YES)"
2016-12-20 12:38:36.319 [error] <0.436.0>@ejabberd_sql:log:910 p1_mysql_conn: init error 1045: "#28000Access denied for user 'root'@'localhost' (using password: YES)"
2016-12-20 12:38:36.319 [error] <0.431.0>@ejabberd_sql:log:910 p1_mysql_conn: init error 1045: "#28000Access denied for user 'root'@'localhost' (using password: YES)"
2016-12-20 12:38:36.319 [error] <0.361.0>@ejabberd_sql:log:910 p1_mysql_conn: post_start error login_failed
2016-12-20 12:38:36.320 [error] <0.429.0>@ejabberd_sql:log:910 p1_mysql_conn: init error 1045: "#28000Access denied for user 'root'@'localhost' (using password: YES)"
2016-12-20 12:38:36.320 [error] <0.362.0>@ejabberd_sql:log:910 p1_mysql_conn: post_start error login_failed
2016-12-20 12:38:36.320 [error] <0.370.0>@ejabberd_sql:log:910 p1_mysql_conn: post_start error login_failed
2016-12-20 12:38:36.320 [error] <0.367.0>@ejabberd_sql:log:910 p1_mysql_conn: post_start error login_failed
2016-12-20 12:38:36.320 [error] <0.363.0>@ejabberd_sql:log:910 p1_mysql_conn: post_start error login_failed
2016-12-20 12:38:36.320 [error] <0.364.0>@ejabberd_sql:log:910 p1_mysql_conn: post_start error login_failed
2016-12-20 12:39:06.308 [error] <0.445.0>@ejabberd_sql:log:910 p1_mysql_conn: init error 1045: "#28000Access denied for user 'root'@'localhost' (using password: YES)"
2016-12-20 12:39:06.308 [error] <0.365.0>@ejabberd_sql:log:910 p1_mysql_conn: post_start error login_failed
2016-12-20 12:39:06.317 [error] <0.447.0>@ejabberd_sql:log:910 p1_mysql_conn: init error 1045: "#28000Access denied for user 'root'@'localhost' (using password: YES)"
2016-12-20 12:39:06.317 [error] <0.366.0>@ejabberd_sql:log:910 p1_mysql_conn: post_start error login_failed
2016-12-20 12:39:06.319 [error] <0.450.0>@ejabberd_sql:log:910 p1_mysql_conn: init error 1045: "#28000Access denied for user 'root'@'localhost' (using password: YES)"
2016-12-20 12:39:06.320 [error] <0.368.0>@ejabberd_sql:log:910 p1_mysql_conn: post_start error login_failed
2016-12-20 12:39:06.321 [error] <0.449.0>@ejabberd_sql:log:910 p1_mysql_conn: init error 1045: "#28000Access denied for user 'root'@'localhost' (using password: YES)"
2016-12-20 12:39:06.321 [error] <0.369.0>@ejabberd_sql:log:910 p1_mysql_conn: post_start error login_failed
2016-12-20 12:39:06.325 [error] <0.458.0>@ejabberd_sql:log:910 p1_mysql_conn: init error 1045: "#28000Access denied for user 'root'@'localhost' (using password: YES)"
2016-12-20 12:39:06.326 [error] <0.361.0>@ejabberd_sql:log:910 p1_mysql_conn: post_start error login_failed
2016-12-20 12:39:06.327 [error] <0.457.0>@ejabberd_sql:log:910 p1_mysql_conn: init error 1045: "#28000Access denied for user 'root'@'localhost' (using password: YES)"
2016-12-20 12:39:06.327 [error] <0.364.0>@ejabberd_sql:log:910 p1_mysql_conn: post_start error login_failed
2016-12-20 12:39:06.328 [error] <0.456.0>@ejabberd_sql:log:910 p1_mysql_conn: init error 1045: "#28000Access denied for user 'root'@'localhost' (using password: YES)"
2016-12-20 12:39:06.328 [error] <0.363.0>@ejabberd_sql:log:910 p1_mysql_conn: post_start error login_failed
2016-12-20 12:39:06.329 [error] <0.455.0>@ejabberd_sql:log:910 p1_mysql_conn: init error 1045: "#28000Access denied for user 'root'@'localhost' (using password: YES)"
2016-12-20 12:39:06.329 [error] <0.367.0>@ejabberd_sql:log:910 p1_mysql_conn: post_start error login_failed
2016-12-20 12:39:06.330 [error] <0.454.0>@ejabberd_sql:log:910 p1_mysql_conn: init error 1045: "#28000Access denied for user 'root'@'localhost' (using password: YES)"
2016-12-20 12:39:06.330 [error] <0.370.0>@ejabberd_sql:log:910 p1_mysql_conn: post_start error login_failed
2016-12-20 12:39:06.331 [error] <0.453.0>@ejabberd_sql:log:910 p1_mysql_conn: init error 1045: "#28000Access denied for user 'root'@'localhost' (using password: YES)"
2016-12-20 12:39:06.331 [error] <0.362.0>@ejabberd_sql:log:910 p1_mysql_conn: post_start error login_failed
2016-12-20 12:39:06.578 [error] <0.422.0>@mod_muc_sql:get_rooms:85 failed to get rooms: {'EXIT',{timeout,{p1_fsm,sync_send_event,[<0.369.0>,{sql_cmd,{sql_query,{sql_query,<<"Q62197989">>,#Fun<mod_muc_sql.8.111575445>,#Fun<mod_muc_sql.9.111575445>,#Fun<mod_muc_sql.10.111575445>,{mod_muc_sql,75}}},-576460749253},60000]}}}
2016-12-20 12:39:06.603 [error] <0.349.0>@ejabberd_listener:start_dependent:128 There is a problem in the configuration: the specified file is not readable: /Applications/ejabberd-16.09/conf/server.pem
2016-12-20 12:39:06.610 [error] <0.37.0> CRASH REPORT Process <0.37.0> with 0 neighbours exited with reason: bad return value {"There is a problem in the configuration: the specified file is not readable: /Applications/ejabberd-16.09/conf/server.pem",{child,undefined,{5222,{0,0,0,0},tcp},{ejabberd_listener,start,[{5222,{0,0,0,0},tcp},ejabberd_c2s,[{access,c2s},{shaper,c2s_shaper},{max_stanza_size,65536},{protocol_options,[<<"no_sslv3">>]},{starttls,true},{certfile,<<"/Applications/ejabberd-16.09/conf/server.pem">>}]]},transient,brutal_kill,worker,[ejabberd_listener]}} from ejabberd_app:start(normal, []) in application_master:init/4 line 134
2016-12-20 13:12:37.856 [error] <0.350.0>@ejabberd_listener:bind_tcp_port:82 There is a problem in the configuration: the specified file is not readable: /Applications/ejabberd-16.09/conf/server.pem
2016-12-20 13:12:38.150 [error] <0.420.0>@ejabberd_sql:check_error:1033 SQL query 'Q62197989' at {mod_muc_sql,75} failed: "#42S02Table 'ejabberd.muc_room' doesn't exist"
2016-12-20 13:12:38.150 [error] <0.420.0>@mod_muc_sql:get_rooms:85 failed to get rooms: {error,"#42S02Table 'ejabberd.muc_room' doesn't exist"}
2016-12-20 13:12:38.163 [error] <0.350.0>@ejabberd_listener:start_dependent:128 There is a problem in the configuration: the specified file is not readable: /Applications/ejabberd-16.09/conf/server.pem
2016-12-20 13:12:38.169 [error] <0.37.0> CRASH REPORT Process <0.37.0> with 0 neighbours exited with reason: bad return value {"There is a problem in the configuration: the specified file is not readable: /Applications/ejabberd-16.09/conf/server.pem",{child,undefined,{5222,{0,0,0,0},tcp},{ejabberd_listener,start,[{5222,{0,0,0,0},tcp},ejabberd_c2s,[{access,c2s},{shaper,c2s_shaper},{max_stanza_size,65536},{protocol_options,[<<"no_sslv3">>]},{starttls,true},{certfile,<<"/Applications/ejabberd-16.09/conf/server.pem">>}]]},transient,brutal_kill,worker,[ejabberd_listener]}} from ejabberd_app:start(normal, []) in application_master:init/4 line 134
